<?xml version="1.0" encoding="UTF-8"?>
<testsuite name="com.trello.qa.BoardCreationTests" tests="1" skipped="0" failures="0" errors="0" timestamp="2019-09-16T18:00:46" hostname="Lena-Toshiba" time="10.253">
  <properties/>
  <testcase name="testBoardCreation" classname="com.trello.qa.BoardCreationTests" time="10.253"/>
  <system-out><![CDATA[]]></system-out>
  <system-err><![CDATA[]]></system-err>
</testsuite>
