<?xml version="1.0" encoding="UTF-8"?>
<testsuite name="com.trello.qa.TeamCreationTests" tests="2" skipped="0" failures="0" errors="0" timestamp="2019-09-16T10:04:26" hostname="Lena-Toshiba" time="163.274">
  <properties/>
  <testcase name="testTeamCreationFromLeftNavMenu" classname="com.trello.qa.TeamCreationTests" time="33.7"/>
  <testcase name="testTeamCreationFromPlusButtonOnHeader" classname="com.trello.qa.TeamCreationTests" time="31.88"/>
  <system-out><![CDATA[6
5
5
]]></system-out>
  <system-err><![CDATA[]]></system-err>
</testsuite>
